!SESSION 2016-04-18 20:06:03.856 -----------------------------------------------
eclipse.buildId=unknown
java.version=1.8.0_73
java.vendor=Oracle Corporation
BootLoader constants: OS=win32, ARCH=x86_64, WS=win32, NL=en_TT
Framework arguments:  -application com.uwiseismic.modifiedmappane.application
Command-line arguments:  -application com.uwiseismic.modifiedmappane.application -data C:\Projects\ERGO\workspace/../runtime-com.uwiseismic.modifiedmappane.application -dev file:C:/Projects/ERGO/workspace/.metadata/.plugins/org.eclipse.pde.core/com.uwiseismic.modifiedmappane.application/dev.properties -os win32 -ws win32 -arch x86_64 -consoleLog

!ENTRY org.eclipse.osgi 4 0 2016-04-18 20:06:08.586
!MESSAGE Application error
!STACK 1
java.lang.RuntimeException: Application "com.uwiseismic.modifiedmappane.application" could not be found in the registry. The applications available are: org.eclipse.ant.core.antRunner, org.eclipse.e4.ui.workbench.swt.E4Application, org.eclipse.e4.ui.workbench.swt.GenTopic, org.eclipse.equinox.app.error.
	at org.eclipse.equinox.internal.app.EclipseAppContainer.startDefaultApp(EclipseAppContainer.java:248)
	at org.eclipse.equinox.internal.app.MainApplicationLauncher.run(MainApplicationLauncher.java:29)
	at org.eclipse.core.runtime.internal.adaptor.EclipseAppLauncher.runApplication(EclipseAppLauncher.java:134)
	at org.eclipse.core.runtime.internal.adaptor.EclipseAppLauncher.start(EclipseAppLauncher.java:104)
	at org.eclipse.core.runtime.adaptor.EclipseStarter.run(EclipseStarter.java:380)
	at org.eclipse.core.runtime.adaptor.EclipseStarter.run(EclipseStarter.java:235)
	at sun.reflect.NativeMethodAccessorImpl.invoke0(Native Method)
	at sun.reflect.NativeMethodAccessorImpl.invoke(Unknown Source)
	at sun.reflect.DelegatingMethodAccessorImpl.invoke(Unknown Source)
	at java.lang.reflect.Method.invoke(Unknown Source)
	at org.eclipse.equinox.launcher.Main.invokeFramework(Main.java:669)
	at org.eclipse.equinox.launcher.Main.basicRun(Main.java:608)
	at org.eclipse.equinox.launcher.Main.run(Main.java:1515)
	at org.eclipse.equinox.launcher.Main.main(Main.java:1488)
